<?xml version="1.0" encoding="UTF-8"?>
<testng-results ignored="0" total="1" passed="1" failed="0" skipped="0">
  <reporter-output>
  </reporter-output>
  <suite started-at="2025-06-25T12:25:37 IST" name="Default suite" finished-at="2025-06-25T12:25:37 IST" duration-ms="24">
    <groups>
    </groups>
    <test started-at="2025-06-25T12:25:37 IST" name="Default test" finished-at="2025-06-25T12:25:37 IST" duration-ms="24">
      <class name="jenkinsTest_simple.HelloTest">
        <test-method signature="sampleTest()[pri:0, instance:jenkinsTest_simple.HelloTest@694abbdc]" started-at="2025-06-25T12:25:37 IST" name="sampleTest" finished-at="2025-06-25T12:25:37 IST" duration-ms="7" status="PASS">
          <reporter-output>
          </reporter-output>
        </test-method> <!-- sampleTest -->
      </class> <!-- jenkinsTest_simple.HelloTest -->
    </test> <!-- Default test -->
  </suite> <!-- Default suite -->
</testng-results>
